<?xml version="1.0" encoding="UTF-8"?>
<testng-results skipped="0" failed="0" ignored="0" total="1" passed="1">
  <reporter-output>
  </reporter-output>
  <suite name="Default suite" duration-ms="64461" started-at="2019-04-03T16:41:02Z" finished-at="2019-04-03T16:42:07Z">
    <groups>
    </groups>
    <test name="Default test" duration-ms="64461" started-at="2019-04-03T16:41:02Z" finished-at="2019-04-03T16:42:07Z">
      <class name="Test.TestAfiliarGrupoEconomico">
        <test-method status="PASS" signature="beforeMethod()[pri:0, instance:Test.TestAfiliarGrupoEconomico@523884b2]" name="beforeMethod" is-config="true" duration-ms="8672" started-at="2019-04-03T16:41:02Z" finished-at="2019-04-03T16:41:11Z">
          <reporter-output>
          </reporter-output>
        </test-method> <!-- beforeMethod -->
        <test-method status="PASS" signature="testAfiliarGrupoEconomico()[pri:0, instance:Test.TestAfiliarGrupoEconomico@523884b2]" name="testAfiliarGrupoEconomico" duration-ms="49302" started-at="2019-04-03T16:41:11Z" finished-at="2019-04-03T16:42:00Z">
          <reporter-output>
          </reporter-output>
        </test-method> <!-- testAfiliarGrupoEconomico -->
        <test-method status="PASS" signature="closeBrowser()[pri:0, instance:Test.TestAfiliarGrupoEconomico@523884b2]" name="closeBrowser" is-config="true" duration-ms="6459" started-at="2019-04-03T16:42:00Z" finished-at="2019-04-03T16:42:07Z">
          <reporter-output>
          </reporter-output>
        </test-method> <!-- closeBrowser -->
      </class> <!-- Test.TestAfiliarGrupoEconomico -->
    </test> <!-- Default test -->
  </suite> <!-- Default suite -->
</testng-results>
